<?xml version="1.0" encoding="UTF-8"?>
<testng-results ignored="0" total="1" passed="1" failed="0" skipped="0">
  <reporter-output>
    <line>
      <![CDATA[passStatus1]]>
    </line>
    <line>
      <![CDATA[failStatus0]]>
    </line>
  </reporter-output>
  <suite started-at="2019-11-19T18:20:54 IST" name="Default suite" finished-at="2019-11-19T18:21:15 IST" duration-ms="20759">
    <groups>
    </groups>
    <test started-at="2019-11-19T18:20:54 IST" name="Default test" finished-at="2019-11-19T18:21:15 IST" duration-ms="20759">
      <class name="script.checkusername">
        <test-method is-config="true" signature="openApp()[pri:0, instance:script.checkusername@184cf7cf]" started-at="2019-11-19T18:20:54 IST" name="openApp" finished-at="2019-11-19T18:21:03 IST" duration-ms="8335" status="PASS">
          <reporter-output>
          </reporter-output>
        </test-method> <!-- openApp -->
        <test-method signature="testcheckusername()[pri:0, instance:script.checkusername@184cf7cf]" started-at="2019-11-19T18:21:03 IST" name="testcheckusername" finished-at="2019-11-19T18:21:14 IST" duration-ms="10783" status="PASS">
          <reporter-output>
          </reporter-output>
        </test-method> <!-- testcheckusername -->
        <test-method is-config="true" signature="closeApp(org.testng.ITestResult)[pri:0, instance:script.checkusername@184cf7cf]" started-at="2019-11-19T18:21:14 IST" name="closeApp" finished-at="2019-11-19T18:21:15 IST" duration-ms="1594" status="PASS">
          <params>
            <param index="0">
              <value>
                <![CDATA[[TestResult name=testcheckusername status=SUCCESS method=checkusername.testcheckusername()[pri:0, instance:script.checkusername@184cf7cf] output={null}]]]>
              </value>
            </param>
          </params>
          <reporter-output>
          </reporter-output>
        </test-method> <!-- closeApp -->
        <test-method is-config="true" signature="print()[pri:0, instance:script.checkusername@184cf7cf]" started-at="2019-11-19T18:21:15 IST" name="print" finished-at="2019-11-19T18:21:16 IST" duration-ms="455" status="PASS">
          <reporter-output>
            <line>
              <![CDATA[passStatus1]]>
            </line>
            <line>
              <![CDATA[failStatus0]]>
            </line>
          </reporter-output>
        </test-method> <!-- print -->
      </class> <!-- script.checkusername -->
    </test> <!-- Default test -->
  </suite> <!-- Default suite -->
</testng-results>
